2026-04-26 21:19:29,703 | INFO | gauntlet.pipeline | Starting run run_20260426_191929_703622
2026-04-26 21:19:31,142 | INFO | gauntlet.pipeline | Loaded manifest with 1 dataset(s)
2026-04-26 21:20:03,338 | INFO | gauntlet.pipeline | Refinement step completed with gemma4:e2b
2026-04-26 21:22:16,792 | INFO | gauntlet.pipeline | Local code generation attempt 1 created 4 files with 4 smaller requests
2026-04-26 21:22:18,595 | WARNING | gauntlet.pipeline | Attempt 1 failed during semantic_validation: Semantic smoke check failed with exit code 1.
2026-04-26 21:25:22,847 | INFO | gauntlet.pipeline | Local code generation attempt 2 created 4 files with 4 smaller requests
2026-04-26 21:25:24,670 | WARNING | gauntlet.pipeline | Attempt 2 failed during semantic_validation: Semantic smoke check failed with exit code 1.
2026-04-26 21:27:30,383 | INFO | gauntlet.pipeline | Local code generation attempt 3 created 4 files with 4 smaller requests
2026-04-26 21:27:32,145 | WARNING | gauntlet.pipeline | Attempt 3 failed during semantic_validation: Semantic smoke check failed with exit code 1.
2026-04-26 21:30:03,746 | INFO | gauntlet.pipeline | Local code generation attempt 4 created 4 files with 4 smaller requests
2026-04-26 21:30:05,554 | WARNING | gauntlet.pipeline | Attempt 4 failed during semantic_validation: Semantic smoke check failed with exit code 1.
2026-04-26 21:32:35,210 | INFO | gauntlet.pipeline | Local code generation attempt 5 created 4 files with 4 smaller requests
2026-04-26 21:32:36,973 | WARNING | gauntlet.pipeline | Attempt 5 failed during semantic_validation: Semantic smoke check failed with exit code 1.
2026-04-26 21:32:36,973 | ERROR | gauntlet.pipeline | Run failed: Code generation failed after 5 attempts. Last error: Semantic smoke check failed with exit code 1.
Traceback (most recent call last):
  File "C:\Users\xeleo\Documents\ML Projects\Proto-Gauntlet\src\gauntlet\orchestrator\pipeline.py", line 165, in run
    artifacts = self._run_codegen_loop(
                ^^^^^^^^^^^^^^^^^^^^^^^
  File "C:\Users\xeleo\Documents\ML Projects\Proto-Gauntlet\src\gauntlet\orchestrator\pipeline.py", line 341, in _run_codegen_loop
    raise RuntimeError(
RuntimeError: Code generation failed after 5 attempts. Last error: Semantic smoke check failed with exit code 1.
