2026-04-27 01:10:01,367 | INFO | gauntlet.pipeline | Starting run run_20260426_231001_352780
2026-04-27 01:10:02,902 | INFO | gauntlet.pipeline | Loaded manifest with 1 dataset(s)
2026-04-27 01:10:25,097 | INFO | gauntlet.pipeline | Refinement step completed with hf.co/mradermacher/IBM-Grok4-UltraFast-Coder-1B-GGUF:Q4_K_M
2026-04-27 01:11:33,462 | INFO | gauntlet.pipeline | Local code generation attempt 1 created 4 files with 4 smaller requests
2026-04-27 01:11:33,476 | WARNING | gauntlet.pipeline | Attempt 1 failed during static_validation: Generated bundle failed file policy checks: analysis.py: sibling generated module import `figures` is not allowed
2026-04-27 01:12:58,886 | INFO | gauntlet.pipeline | Local code generation attempt 2 created 4 files with 4 smaller requests
2026-04-27 01:12:58,886 | WARNING | gauntlet.pipeline | Attempt 2 failed during static_validation: Generated bundle failed file policy checks: analysis.py: analysis.py must consume the provided data dictionary and not reference file paths
2026-04-27 01:14:25,757 | INFO | gauntlet.pipeline | Local code generation attempt 3 created 4 files with 4 smaller requests
2026-04-27 01:14:25,766 | WARNING | gauntlet.pipeline | Attempt 3 failed during static_validation: Generated bundle failed file policy checks: analysis.py: analysis.py must consume the provided data dictionary and not reference file paths
2026-04-27 01:15:50,916 | INFO | gauntlet.pipeline | Local code generation attempt 4 created 4 files with 4 smaller requests
2026-04-27 01:15:50,929 | WARNING | gauntlet.pipeline | Attempt 4 failed during static_validation: Generated bundle failed file policy checks: analysis.py: analysis.py must consume the provided data dictionary and not reference file paths
2026-04-27 01:17:17,538 | INFO | gauntlet.pipeline | Local code generation attempt 5 created 4 files with 4 smaller requests
2026-04-27 01:17:17,538 | WARNING | gauntlet.pipeline | Attempt 5 failed during static_validation: Generated bundle failed file policy checks: analysis.py: analysis.py must consume the provided data dictionary and not reference file paths
2026-04-27 01:17:17,538 | ERROR | gauntlet.pipeline | Run failed: Code generation failed after 5 attempts. Last error: Generated bundle failed file policy checks: analysis.py: analysis.py must consume the provided data dictionary and not reference file paths
Traceback (most recent call last):
  File "C:\Users\xeleo\Documents\ML Projects\Proto-Gauntlet\src\gauntlet\orchestrator\pipeline.py", line 165, in run
    artifacts = self._run_codegen_loop(
                ^^^^^^^^^^^^^^^^^^^^^^^
  File "C:\Users\xeleo\Documents\ML Projects\Proto-Gauntlet\src\gauntlet\orchestrator\pipeline.py", line 341, in _run_codegen_loop
    raise RuntimeError(
RuntimeError: Code generation failed after 5 attempts. Last error: Generated bundle failed file policy checks: analysis.py: analysis.py must consume the provided data dictionary and not reference file paths
