2026-04-26 15:53:54,570 | INFO | gauntlet.pipeline | Starting run run_20260426_135354_559231
2026-04-26 15:53:56,217 | INFO | gauntlet.pipeline | Loaded manifest with 1 dataset(s)
2026-04-26 15:54:33,336 | INFO | gauntlet.pipeline | Refinement step completed with gemma4:e2b
2026-04-26 15:57:12,286 | INFO | gauntlet.pipeline | Local code generation attempt 1 created 4 files with 4 smaller requests
2026-04-26 15:57:12,296 | WARNING | gauntlet.pipeline | Attempt 1 failed during static_validation: Generated bundle failed file policy checks: preprocessing.py: unsupported dependency `numpy`; preprocessing.py: banned call `__import__`; analysis.py: unsupported dependency `data_loader`; analysis.py: unsupported dependency `preprocessing`; analysis.py: unsupported dependency `figures`; figures.py: syntax error: invalid syntax (figures.py, line 72)
2026-04-26 15:59:24,584 | INFO | gauntlet.pipeline | Local code generation attempt 2 created 4 files with 4 smaller requests
2026-04-26 15:59:24,591 | WARNING | gauntlet.pipeline | Attempt 2 failed during static_validation: Generated bundle failed file policy checks: analysis.py: unsupported dependency `data_loader`; analysis.py: unsupported dependency `preprocessing`; analysis.py: unsupported dependency `figures`
2026-04-26 16:02:13,202 | INFO | gauntlet.pipeline | Local code generation attempt 3 created 4 files with 4 smaller requests
2026-04-26 16:02:13,208 | WARNING | gauntlet.pipeline | Attempt 3 failed during static_validation: Generated bundle failed file policy checks: analysis.py: unsupported dependency `data_loader`; analysis.py: unsupported dependency `preprocessing`; analysis.py: unsupported dependency `figures`
2026-04-26 16:04:47,227 | INFO | gauntlet.pipeline | Local code generation attempt 4 created 4 files with 4 smaller requests
2026-04-26 16:04:47,233 | WARNING | gauntlet.pipeline | Attempt 4 failed during static_validation: Generated bundle failed file policy checks: analysis.py: unsupported dependency `data_loader`; analysis.py: unsupported dependency `preprocessing`; analysis.py: unsupported dependency `figures`
2026-04-26 16:07:09,785 | INFO | gauntlet.pipeline | Local code generation attempt 5 created 4 files with 4 smaller requests
2026-04-26 16:07:09,793 | WARNING | gauntlet.pipeline | Attempt 5 failed during static_validation: Generated bundle failed file policy checks: analysis.py: unsupported dependency `data_loader`; analysis.py: unsupported dependency `preprocessing`; analysis.py: unsupported dependency `figures`
2026-04-26 16:07:09,793 | ERROR | gauntlet.pipeline | Run failed: Code generation failed after 5 attempts. Last error: Generated bundle failed file policy checks: analysis.py: unsupported dependency `data_loader`; analysis.py: unsupported dependency `preprocessing`; analysis.py: unsupported dependency `figures`
Traceback (most recent call last):
  File "C:\Users\xeleo\Documents\ML Projects\Proto-Gauntlet\src\gauntlet\orchestrator\pipeline.py", line 154, in run
    artifacts = self._run_codegen_loop(
                ^^^^^^^^^^^^^^^^^^^^^^^
  File "C:\Users\xeleo\Documents\ML Projects\Proto-Gauntlet\src\gauntlet\orchestrator\pipeline.py", line 307, in _run_codegen_loop
    raise RuntimeError(
RuntimeError: Code generation failed after 5 attempts. Last error: Generated bundle failed file policy checks: analysis.py: unsupported dependency `data_loader`; analysis.py: unsupported dependency `preprocessing`; analysis.py: unsupported dependency `figures`
