2026-04-26 20:54:39,949 | INFO | gauntlet.pipeline | Starting run run_20260426_185439_934312
2026-04-26 20:54:41,407 | INFO | gauntlet.pipeline | Loaded manifest with 1 dataset(s)
2026-04-26 20:55:21,928 | INFO | gauntlet.pipeline | Refinement step completed with gemma4:e2b
2026-04-26 21:02:25,005 | INFO | gauntlet.pipeline | Local code generation attempt 1 created 4 files with 4 smaller requests
2026-04-26 21:02:27,367 | WARNING | gauntlet.pipeline | Attempt 1 failed during semantic_validation: 'Series' object has no attribute 'columns'; load_data returned keys: ['ITEM CODE', 'ITEM DESCRIPTION', 'ITEM TYPE', 'MONTH', 'RETAIL SALES', 'RETAIL TRANSFERS', 'SUPPLIER', 'WAREHOUSE SALES', 'YEAR']
2026-04-26 21:05:14,504 | INFO | gauntlet.pipeline | Local code generation attempt 2 created 4 files with 4 smaller requests
2026-04-26 21:05:16,793 | WARNING | gauntlet.pipeline | Attempt 2 failed during semantic_validation: preprocess keys did not match the shared contract. Expected=['YEAR', 'MONTH', 'SUPPLIER', 'ITEM CODE', 'ITEM DESCRIPTION', 'ITEM TYPE', 'RETAIL SALES', 'RETAIL TRANSFERS', 'WAREHOUSE SALES'], actual=[].; load_data returned keys: ['ITEM CODE', 'ITEM DESCRIPTION', 'ITEM TYPE', 'MONTH', 'RETAIL SALES', 'RETAIL TRANSFERS', 'SUPPLIER', 'WAREHOUSE SALES', 'YEAR']
2026-04-26 21:08:04,436 | INFO | gauntlet.pipeline | Local code generation attempt 3 created 4 files with 4 smaller requests
2026-04-26 21:08:06,797 | WARNING | gauntlet.pipeline | Attempt 3 failed during semantic_validation: preprocess keys did not match the shared contract. Expected=['YEAR', 'MONTH', 'SUPPLIER', 'ITEM CODE', 'ITEM DESCRIPTION', 'ITEM TYPE', 'RETAIL SALES', 'RETAIL TRANSFERS', 'WAREHOUSE SALES'], actual=[].; load_data returned keys: ['ITEM CODE', 'ITEM DESCRIPTION', 'ITEM TYPE', 'MONTH', 'RETAIL SALES', 'RETAIL TRANSFERS', 'SUPPLIER', 'WAREHOUSE SALES', 'YEAR']
2026-04-26 21:10:54,437 | INFO | gauntlet.pipeline | Local code generation attempt 4 created 4 files with 4 smaller requests
2026-04-26 21:10:56,655 | WARNING | gauntlet.pipeline | Attempt 4 failed during semantic_validation: preprocess keys did not match the shared contract. Expected=['YEAR', 'MONTH', 'SUPPLIER', 'ITEM CODE', 'ITEM DESCRIPTION', 'ITEM TYPE', 'RETAIL SALES', 'RETAIL TRANSFERS', 'WAREHOUSE SALES'], actual=[].; load_data returned keys: ['ITEM CODE', 'ITEM DESCRIPTION', 'ITEM TYPE', 'MONTH', 'RETAIL SALES', 'RETAIL TRANSFERS', 'SUPPLIER', 'WAREHOUSE SALES', 'YEAR']
2026-04-26 21:13:43,701 | INFO | gauntlet.pipeline | Local code generation attempt 5 created 4 files with 4 smaller requests
2026-04-26 21:13:45,829 | WARNING | gauntlet.pipeline | Attempt 5 failed during semantic_validation: preprocess keys did not match the shared contract. Expected=['YEAR', 'MONTH', 'SUPPLIER', 'ITEM CODE', 'ITEM DESCRIPTION', 'ITEM TYPE', 'RETAIL SALES', 'RETAIL TRANSFERS', 'WAREHOUSE SALES'], actual=[].; load_data returned keys: ['ITEM CODE', 'ITEM DESCRIPTION', 'ITEM TYPE', 'MONTH', 'RETAIL SALES', 'RETAIL TRANSFERS', 'SUPPLIER', 'WAREHOUSE SALES', 'YEAR']
2026-04-26 21:13:45,829 | ERROR | gauntlet.pipeline | Run failed: Code generation failed after 5 attempts. Last error: preprocess keys did not match the shared contract. Expected=['YEAR', 'MONTH', 'SUPPLIER', 'ITEM CODE', 'ITEM DESCRIPTION', 'ITEM TYPE', 'RETAIL SALES', 'RETAIL TRANSFERS', 'WAREHOUSE SALES'], actual=[].; load_data returned keys: ['ITEM CODE', 'ITEM DESCRIPTION', 'ITEM TYPE', 'MONTH', 'RETAIL SALES', 'RETAIL TRANSFERS', 'SUPPLIER', 'WAREHOUSE SALES', 'YEAR']
Traceback (most recent call last):
  File "C:\Users\xeleo\Documents\ML Projects\Proto-Gauntlet\src\gauntlet\orchestrator\pipeline.py", line 165, in run
    artifacts = self._run_codegen_loop(
                ^^^^^^^^^^^^^^^^^^^^^^^
  File "C:\Users\xeleo\Documents\ML Projects\Proto-Gauntlet\src\gauntlet\orchestrator\pipeline.py", line 341, in _run_codegen_loop
    raise RuntimeError(
RuntimeError: Code generation failed after 5 attempts. Last error: preprocess keys did not match the shared contract. Expected=['YEAR', 'MONTH', 'SUPPLIER', 'ITEM CODE', 'ITEM DESCRIPTION', 'ITEM TYPE', 'RETAIL SALES', 'RETAIL TRANSFERS', 'WAREHOUSE SALES'], actual=[].; load_data returned keys: ['ITEM CODE', 'ITEM DESCRIPTION', 'ITEM TYPE', 'MONTH', 'RETAIL SALES', 'RETAIL TRANSFERS', 'SUPPLIER', 'WAREHOUSE SALES', 'YEAR']
